MI[A:LEU33  (   1/   6) | B:ARG20  (   1/   6)]
MI[A:LEU33  (   1/   6) | B:ILE50  (   2/   6)]
MI[A:LEU33  (   1/   6) | B:ILE78  (   3/   6)]
MI[A:LEU33  (   1/   6) | B:LEU221 (   4/   6)]
MI[A:LEU33  (   1/   6) | B:GLU223 (   5/   6)]
MI[A:LEU33  (   1/   6) | B:VAL307 (   6/   6)]
MI[A:ASP38  (   2/   6) | B:ARG20  (   1/   6)]
MI[A:ASP38  (   2/   6) | B:ILE50  (   2/   6)]
MI[A:ASP38  (   2/   6) | B:ILE78  (   3/   6)]
MI[A:ASP38  (   2/   6) | B:LEU221 (   4/   6)]
MI[A:ASP38  (   2/   6) | B:GLU223 (   5/   6)]
MI[A:ASP38  (   2/   6) | B:VAL307 (   6/   6)]
MI[A:LEU136 (   3/   6) | B:ARG20  (   1/   6)]
MI[A:LEU136 (   3/   6) | B:ILE50  (   2/   6)]
MI[A:LEU136 (   3/   6) | B:ILE78  (   3/   6)]
MI[A:LEU136 (   3/   6) | B:LEU221 (   4/   6)]
MI[A:LEU136 (   3/   6) | B:GLU223 (   5/   6)]
MI[A:LEU136 (   3/   6) | B:VAL307 (   6/   6)]
MI[A:ALA145 (   4/   6) | B:ARG20  (   1/   6)]
MI[A:ALA145 (   4/   6) | B:ILE50  (   2/   6)]
MI[A:ALA145 (   4/   6) | B:ILE78  (   3/   6)]
MI[A:ALA145 (   4/   6) | B:LEU221 (   4/   6)]
MI[A:ALA145 (   4/   6) | B:GLU223 (   5/   6)]
MI[A:ALA145 (   4/   6) | B:VAL307 (   6/   6)]
MI[A:LYS190 (   5/   6) | B:ARG20  (   1/   6)]
MI[A:LYS190 (   5/   6) | B:ILE50  (   2/   6)]
MI[A:LYS190 (   5/   6) | B:ILE78  (   3/   6)]
MI[A:LYS190 (   5/   6) | B:LEU221 (   4/   6)]
MI[A:LYS190 (   5/   6) | B:GLU223 (   5/   6)]
MI[A:LYS190 (   5/   6) | B:VAL307 (   6/   6)]
MI[A:ASP215 (   6/   6) | B:ARG20  (   1/   6)]
MI[A:ASP215 (   6/   6) | B:ILE50  (   2/   6)]
MI[A:ASP215 (   6/   6) | B:ILE78  (   3/   6)]
MI[A:ASP215 (   6/   6) | B:LEU221 (   4/   6)]
MI[A:ASP215 (   6/   6) | B:GLU223 (   5/   6)]
MI[A:ASP215 (   6/   6) | B:VAL307 (   6/   6)]
